[2021-02-09 22:21:56] New deadchest for [DNafar] in world at X:-108 Y:92 Z:-364
[2021-02-09 22:23:03] Deadchest of [DNafar] was taken by [DNafar] in world
[2021-02-10 00:16:28] New deadchest for [oscar] in world at X:-177 Y:113 Z:-189
[2021-02-10 00:20:16] Deadchest of [oscar] was taken by [oscar] in world
[2021-02-10 15:58:28] New deadchest for [DNafar] in world at X:-31 Y:63 Z:-355
[2021-02-10 15:59:21] Deadchest of [DNafar] was taken by [DNafar] in world
[2021-02-10 19:45:38] New deadchest for [TheDiserky] in world at X:-176 Y:77 Z:-187
[2021-02-10 19:45:53] Deadchest of [TheDiserky] was taken by [TheDiserky] in world
[2021-02-10 20:06:48] New deadchest for [oscar] in world at X:-168 Y:59 Z:-166
[2021-02-10 20:06:58] Deadchest of [oscar] was taken by [oscar] in world
[2021-02-10 22:49:01] New deadchest for [A10ElTaco] in world at X:-233 Y:61 Z:-208
[2021-02-10 22:49:26] Deadchest of [A10ElTaco] was taken by [A10ElTaco] in world
[2021-02-10 23:04:57] New deadchest for [A10ElTaco] in world at X:-196 Y:70 Z:-206
[2021-02-10 23:05:13] Deadchest of [A10ElTaco] was taken by [A10ElTaco] in world
[2021-02-10 23:31:00] Player [otescoter99] died without inventory : No Deadchest generated
[2021-02-10 23:31:20] Player [otescoter99] died without inventory : No Deadchest generated
[2021-02-10 23:31:28] Player [otescoter99] died without inventory : No Deadchest generated
[2021-02-11 00:03:17] New deadchest for [TheDravirus] in world_nether at X:-595 Y:66 Z:-621
[2021-02-11 00:04:52] New deadchest for [TheDravirus] in world at X:-120 Y:63 Z:-232
[2021-02-11 00:05:34] Deadchest of [TheDravirus] was taken by [TheDravirus] in world
[2021-02-11 00:08:57] New deadchest for [TheDravirus] in world_nether at X:-571 Y:59 Z:-622
[2021-02-11 00:11:01] New deadchest for [TheDravirus] in world_nether at X:-561 Y:48 Z:-588
[2021-02-11 00:16:24] Deadchest of [TheDravirus] was taken by [TheDravirus] in world_nether
[2021-02-11 00:17:40] Deadchest of [TheDravirus] was taken by [TheDravirus] in world_nether
[2021-02-11 00:18:40] Deadchest of [TheDravirus] was taken by [TheDravirus] in world_nether
[2021-02-11 03:07:17] New deadchest for [TheDravirus] in world_nether at X:177 Y:43 Z:497
[2021-02-11 03:11:19] Deadchest of [TheDravirus] was taken by [TheDravirus] in world_nether
[2021-02-11 17:36:59] New deadchest for [TheDravirus] in world_nether at X:592 Y:54 Z:1389
[2021-02-11 17:45:24] Deadchest of [TheDravirus] was taken by [TheDravirus] in world_nether
[2021-02-11 19:07:25] New deadchest for [TheDiserky] in world at X:-123 Y:62 Z:-207
[2021-02-11 19:08:32] Deadchest of [TheDiserky] was taken by [TheDiserky] in world
[2021-02-11 19:23:41] New deadchest for [otescoter99] in world at X:-163 Y:77 Z:-204
[2021-02-11 19:23:48] Deadchest of [otescoter99] was taken by [otescoter99] in world
[2021-02-11 19:40:01] New deadchest for [otescoter99] in world at X:-167 Y:77 Z:-192
[2021-02-11 19:40:09] Deadchest of [otescoter99] was taken by [otescoter99] in world
[2021-02-11 19:40:10] New deadchest for [TheDiserky] in world at X:-171 Y:77 Z:-209
[2021-02-11 19:40:55] Deadchest of [TheDiserky] was taken by [TheDiserky] in world
[2021-02-11 19:42:57] New deadchest for [otescoter99] in world at X:-147 Y:76 Z:-210
[2021-02-11 19:43:06] Deadchest of [otescoter99] was taken by [otescoter99] in world
[2021-02-11 19:53:51] New deadchest for [vegeta33] in world at X:-158 Y:85 Z:-208
[2021-02-11 19:54:20] Deadchest of [vegeta33] was taken by [vegeta33] in world
[2021-02-11 20:30:16] New deadchest for [TheDiserky] in world at X:-210 Y:63 Z:-256
[2021-02-11 20:30:39] Deadchest of [TheDiserky] was taken by [TheDiserky] in world
[2021-02-11 20:56:02] New deadchest for [TheDiserky] in world at X:-169 Y:114 Z:-197
[2021-02-11 20:57:48] Deadchest of [TheDiserky] was taken by [TheDiserky] in world
[2021-02-11 20:58:38] New deadchest for [TheDiserky] in world at X:-168 Y:74 Z:-173
[2021-02-11 20:59:45] Deadchest of [TheDiserky] was taken by [TheDiserky] in world
[2021-02-11 21:02:00] New deadchest for [TheDiserky] in world at X:-82 Y:63 Z:-267
[2021-02-11 21:02:56] Deadchest of [TheDiserky] was taken by [TheDiserky] in world
[2021-02-11 21:18:46] New deadchest for [TheDiserky] in world at X:-196 Y:78 Z:-269
[2021-02-11 21:59:28] New deadchest for [A10ElTaco] in world at X:-188 Y:58 Z:-252
[2021-02-11 22:08:38] Deadchest of [A10ElTaco] was taken by [A10ElTaco] in world
